[0.209s] DEBUG:colcon:Command line arguments: ['/usr/bin/colcon', 'build', '--packages-select', 'orb_slam3_ros2']
[0.209s] DEBUG:colcon:Parsed command line arguments: Namespace(allow_overriding=[], ament_cmake_args=None, base_paths=['.'], build_base='build', catkin_cmake_args=None, catkin_skip_building_tests=False, cmake_args=None, cmake_clean_cache=False, cmake_clean_first=False, cmake_force_configure=False, cmake_target=None, cmake_target_skip_unavailable=False, continue_on_error=False, event_handlers=None, executor='parallel', ignore_user_meta=False, install_base='install', log_base=None, log_level=None, main=<bound method BuildVerb.main of <colcon_core.verb.build.BuildVerb object at 0x7fab097252e0>>, merge_install=False, metas=['./colcon.meta'], packages_above=None, packages_above_and_dependencies=None, packages_above_depth=None, packages_end=None, packages_ignore=None, packages_ignore_regex=None, packages_select=['orb_slam3_ros2'], packages_select_build_failed=False, packages_select_by_dep=None, packages_select_regex=None, packages_select_test_failures=False, packages_skip=None, packages_skip_build_finished=False, packages_skip_by_dep=None, packages_skip_regex=None, packages_skip_test_passed=False, packages_skip_up_to=None, packages_start=None, packages_up_to=None, packages_up_to_regex=None, parallel_workers=12, paths=None, symlink_install=False, test_result_base=None, verb_extension=<colcon_core.verb.build.BuildVerb object at 0x7fab097252e0>, verb_name='build', verb_parser=<colcon_defaults.argument_parser.defaults.DefaultArgumentsDecorator object at 0x7fab096cc5b0>)
[0.377s] Level 1:colcon.colcon_core.package_discovery:discover_packages(colcon_meta) check parameters
[0.377s] Level 1:colcon.colcon_core.package_discovery:discover_packages(recursive) check parameters
[0.377s] Level 1:colcon.colcon_core.package_discovery:discover_packages(ignore) check parameters
[0.377s] Level 1:colcon.colcon_core.package_discovery:discover_packages(path) check parameters
[0.377s] Level 1:colcon.colcon_core.package_discovery:discover_packages(colcon_meta) discover
[0.377s] Level 1:colcon.colcon_core.package_discovery:discover_packages(recursive) discover
[0.377s] INFO:colcon.colcon_core.package_discovery:Crawling recursively for packages in '/ORB_SLAM3/Examples/ros2_ws'
[0.377s] Level 1:colcon.colcon_core.package_identification:_identify(.) by extensions ['ignore', 'ignore_ament_install']
[0.378s] Level 1:colcon.colcon_core.package_identification:_identify(.) by extension 'ignore'
[0.378s] Level 1:colcon.colcon_core.package_identification:_identify(.) by extension 'ignore_ament_install'
[0.378s] Level 1:colcon.colcon_core.package_identification:_identify(.) by extensions ['colcon_pkg']
[0.378s] Level 1:colcon.colcon_core.package_identification:_identify(.) by extension 'colcon_pkg'
[0.378s] Level 1:colcon.colcon_core.package_identification:_identify(.) by extensions ['colcon_meta']
[0.378s] Level 1:colcon.colcon_core.package_identification:_identify(.) by extension 'colcon_meta'
[0.378s] Level 1:colcon.colcon_core.package_identification:_identify(.) by extensions ['ros']
[0.378s] Level 1:colcon.colcon_core.package_identification:_identify(.) by extension 'ros'
[0.389s] Level 1:colcon.colcon_core.package_identification:_identify(.) by extensions ['cmake', 'python']
[0.389s] Level 1:colcon.colcon_core.package_identification:_identify(.) by extension 'cmake'
[0.389s] Level 1:colcon.colcon_core.package_identification:_identify(.) by extension 'python'
[0.389s] Level 1:colcon.colcon_core.package_identification:_identify(.) by extensions ['python_setup_py']
[0.389s] Level 1:colcon.colcon_core.package_identification:_identify(.) by extension 'python_setup_py'
[0.389s] Level 1:colcon.colcon_core.package_identification:_identify(build) by extensions ['ignore', 'ignore_ament_install']
[0.389s] Level 1:colcon.colcon_core.package_identification:_identify(build) by extension 'ignore'
[0.389s] Level 1:colcon.colcon_core.package_identification:_identify(build) ignored
[0.389s] Level 1:colcon.colcon_core.package_identification:_identify(install) by extensions ['ignore', 'ignore_ament_install']
[0.389s] Level 1:colcon.colcon_core.package_identification:_identify(install) by extension 'ignore'
[0.389s] Level 1:colcon.colcon_core.package_identification:_identify(install) ignored
[0.389s] Level 1:colcon.colcon_core.package_identification:_identify(log) by extensions ['ignore', 'ignore_ament_install']
[0.390s] Level 1:colcon.colcon_core.package_identification:_identify(log) by extension 'ignore'
[0.390s] Level 1:colcon.colcon_core.package_identification:_identify(log) ignored
[0.390s] Level 1:colcon.colcon_core.package_identification:_identify(src) by extensions ['ignore', 'ignore_ament_install']
[0.390s] Level 1:colcon.colcon_core.package_identification:_identify(src) by extension 'ignore'
[0.390s] Level 1:colcon.colcon_core.package_identification:_identify(src) by extension 'ignore_ament_install'
[0.390s] Level 1:colcon.colcon_core.package_identification:_identify(src) by extensions ['colcon_pkg']
[0.390s] Level 1:colcon.colcon_core.package_identification:_identify(src) by extension 'colcon_pkg'
[0.390s] Level 1:colcon.colcon_core.package_identification:_identify(src) by extensions ['colcon_meta']
[0.390s] Level 1:colcon.colcon_core.package_identification:_identify(src) by extension 'colcon_meta'
[0.390s] Level 1:colcon.colcon_core.package_identification:_identify(src) by extensions ['ros']
[0.390s] Level 1:colcon.colcon_core.package_identification:_identify(src) by extension 'ros'
[0.390s] Level 1:colcon.colcon_core.package_identification:_identify(src) by extensions ['cmake', 'python']
[0.390s] Level 1:colcon.colcon_core.package_identification:_identify(src) by extension 'cmake'
[0.390s] Level 1:colcon.colcon_core.package_identification:_identify(src) by extension 'python'
[0.390s] Level 1:colcon.colcon_core.package_identification:_identify(src) by extensions ['python_setup_py']
[0.390s] Level 1:colcon.colcon_core.package_identification:_identify(src) by extension 'python_setup_py'
[0.390s] Level 1:colcon.colcon_core.package_identification:_identify(src/orb_slam3_ros2) by extensions ['ignore', 'ignore_ament_install']
[0.391s] Level 1:colcon.colcon_core.package_identification:_identify(src/orb_slam3_ros2) by extension 'ignore'
[0.391s] Level 1:colcon.colcon_core.package_identification:_identify(src/orb_slam3_ros2) by extension 'ignore_ament_install'
[0.391s] Level 1:colcon.colcon_core.package_identification:_identify(src/orb_slam3_ros2) by extensions ['colcon_pkg']
[0.391s] Level 1:colcon.colcon_core.package_identification:_identify(src/orb_slam3_ros2) by extension 'colcon_pkg'
[0.391s] Level 1:colcon.colcon_core.package_identification:_identify(src/orb_slam3_ros2) by extensions ['colcon_meta']
[0.391s] Level 1:colcon.colcon_core.package_identification:_identify(src/orb_slam3_ros2) by extension 'colcon_meta'
[0.391s] Level 1:colcon.colcon_core.package_identification:_identify(src/orb_slam3_ros2) by extensions ['ros']
[0.391s] Level 1:colcon.colcon_core.package_identification:_identify(src/orb_slam3_ros2) by extension 'ros'
[0.394s] DEBUG:colcon.colcon_core.package_identification:Package 'src/orb_slam3_ros2' with type 'ros.ament_cmake' and name 'orb_slam3_ros2'
[0.394s] Level 1:colcon.colcon_core.package_discovery:discover_packages(recursive) using defaults
[0.394s] Level 1:colcon.colcon_core.package_discovery:discover_packages(ignore) discover
[0.394s] Level 1:colcon.colcon_core.package_discovery:discover_packages(ignore) using defaults
[0.394s] Level 1:colcon.colcon_core.package_discovery:discover_packages(path) discover
[0.394s] Level 1:colcon.colcon_core.package_discovery:discover_packages(path) using defaults
[0.410s] Level 1:colcon.colcon_core.package_discovery:discover_packages(prefix_path) check parameters
[0.410s] Level 1:colcon.colcon_core.package_discovery:discover_packages(prefix_path) discover
[0.411s] WARNING:colcon.colcon_ros.prefix_path.catkin:The path '/opt/ros/noetic' in the environment variable CMAKE_PREFIX_PATH doesn't exist
[0.413s] DEBUG:colcon.colcon_installed_package_information.package_discovery:Found 256 installed packages in /opt/ros/foxy
[0.415s] Level 1:colcon.colcon_core.package_discovery:discover_packages(prefix_path) using defaults
[0.497s] Level 5:colcon.colcon_core.verb:set package 'orb_slam3_ros2' build argument 'cmake_args' from command line to 'None'
[0.497s] Level 5:colcon.colcon_core.verb:set package 'orb_slam3_ros2' build argument 'cmake_target' from command line to 'None'
[0.497s] Level 5:colcon.colcon_core.verb:set package 'orb_slam3_ros2' build argument 'cmake_target_skip_unavailable' from command line to 'False'
[0.497s] Level 5:colcon.colcon_core.verb:set package 'orb_slam3_ros2' build argument 'cmake_clean_cache' from command line to 'False'
[0.497s] Level 5:colcon.colcon_core.verb:set package 'orb_slam3_ros2' build argument 'cmake_clean_first' from command line to 'False'
[0.497s] Level 5:colcon.colcon_core.verb:set package 'orb_slam3_ros2' build argument 'cmake_force_configure' from command line to 'False'
[0.497s] Level 5:colcon.colcon_core.verb:set package 'orb_slam3_ros2' build argument 'ament_cmake_args' from command line to 'None'
[0.497s] Level 5:colcon.colcon_core.verb:set package 'orb_slam3_ros2' build argument 'catkin_cmake_args' from command line to 'None'
[0.497s] Level 5:colcon.colcon_core.verb:set package 'orb_slam3_ros2' build argument 'catkin_skip_building_tests' from command line to 'False'
[0.497s] DEBUG:colcon.colcon_core.verb:Building package 'orb_slam3_ros2' with the following arguments: {'ament_cmake_args': None, 'build_base': '/ORB_SLAM3/Examples/ros2_ws/build/orb_slam3_ros2', 'catkin_cmake_args': None, 'catkin_skip_building_tests': False, 'cmake_args': None, 'cmake_clean_cache': False, 'cmake_clean_first': False, 'cmake_force_configure': False, 'cmake_target': None, 'cmake_target_skip_unavailable': False, 'install_base': '/ORB_SLAM3/Examples/ros2_ws/install/orb_slam3_ros2', 'merge_install': False, 'path': '/ORB_SLAM3/Examples/ros2_ws/src/orb_slam3_ros2', 'symlink_install': False, 'test_result_base': None}
[0.497s] INFO:colcon.colcon_core.executor:Executing jobs using 'parallel' executor
[0.498s] DEBUG:colcon.colcon_parallel_executor.executor.parallel:run_until_complete
[0.499s] INFO:colcon.colcon_ros.task.ament_cmake.build:Building ROS package in '/ORB_SLAM3/Examples/ros2_ws/src/orb_slam3_ros2' with build type 'ament_cmake'
[0.499s] INFO:colcon.colcon_cmake.task.cmake.build:Building CMake package in '/ORB_SLAM3/Examples/ros2_ws/src/orb_slam3_ros2'
[0.501s] INFO:colcon.colcon_core.plugin_system:Skipping extension 'colcon_core.shell.bat': Not used on non-Windows systems
[0.501s] INFO:colcon.colcon_core.shell:Skip shell extension 'powershell' for command environment: Not usable outside of PowerShell
[0.501s] DEBUG:colcon.colcon_core.shell:Skip shell extension 'dsv' for command environment
[0.509s] DEBUG:colcon.colcon_core.event_handler.log_command:Invoking command in '/ORB_SLAM3/Examples/ros2_ws/build/orb_slam3_ros2': CMAKE_PREFIX_PATH=${CMAKE_PREFIX_PATH}:/opt/ros/foxy /usr/bin/cmake /ORB_SLAM3/Examples/ros2_ws/src/orb_slam3_ros2 -DCMAKE_INSTALL_PREFIX=/ORB_SLAM3/Examples/ros2_ws/install/orb_slam3_ros2
[2.308s] DEBUG:colcon.colcon_core.event_handler.log_command:Invoked command in '/ORB_SLAM3/Examples/ros2_ws/build/orb_slam3_ros2' returned '0': CMAKE_PREFIX_PATH=${CMAKE_PREFIX_PATH}:/opt/ros/foxy /usr/bin/cmake /ORB_SLAM3/Examples/ros2_ws/src/orb_slam3_ros2 -DCMAKE_INSTALL_PREFIX=/ORB_SLAM3/Examples/ros2_ws/install/orb_slam3_ros2
[2.312s] DEBUG:colcon.colcon_core.event_handler.log_command:Invoking command in '/ORB_SLAM3/Examples/ros2_ws/build/orb_slam3_ros2': CMAKE_PREFIX_PATH=${CMAKE_PREFIX_PATH}:/opt/ros/foxy /usr/bin/cmake --build /ORB_SLAM3/Examples/ros2_ws/build/orb_slam3_ros2 -- -j12 -l12
[2.655s] DEBUG:colcon.colcon_core.event_handler.log_command:Invoked command in '/ORB_SLAM3/Examples/ros2_ws/build/orb_slam3_ros2' returned '2': CMAKE_PREFIX_PATH=${CMAKE_PREFIX_PATH}:/opt/ros/foxy /usr/bin/cmake --build /ORB_SLAM3/Examples/ros2_ws/build/orb_slam3_ros2 -- -j12 -l12
[2.683s] Level 1:colcon.colcon_core.environment:create_environment_scripts_only(orb_slam3_ros2)
[2.686s] Level 1:colcon.colcon_core.environment:checking '/ORB_SLAM3/Examples/ros2_ws/install/orb_slam3_ros2' for CMake module files
[2.687s] Level 1:colcon.colcon_core.environment:checking '/ORB_SLAM3/Examples/ros2_ws/install/orb_slam3_ros2' for CMake config files
[2.687s] Level 1:colcon.colcon_core.environment:checking '/ORB_SLAM3/Examples/ros2_ws/install/orb_slam3_ros2/bin'
[2.687s] Level 1:colcon.colcon_core.environment:checking '/ORB_SLAM3/Examples/ros2_ws/install/orb_slam3_ros2/lib/pkgconfig/orb_slam3_ros2.pc'
[2.687s] Level 1:colcon.colcon_core.environment:checking '/ORB_SLAM3/Examples/ros2_ws/install/orb_slam3_ros2/lib/python3.8/site-packages'
[2.687s] Level 1:colcon.colcon_core.environment:checking '/ORB_SLAM3/Examples/ros2_ws/install/orb_slam3_ros2/bin'
[2.688s] INFO:colcon.colcon_core.shell:Creating package script '/ORB_SLAM3/Examples/ros2_ws/install/orb_slam3_ros2/share/orb_slam3_ros2/package.ps1'
[2.689s] INFO:colcon.colcon_core.shell:Creating package descriptor '/ORB_SLAM3/Examples/ros2_ws/install/orb_slam3_ros2/share/orb_slam3_ros2/package.dsv'
[2.690s] INFO:colcon.colcon_core.shell:Creating package script '/ORB_SLAM3/Examples/ros2_ws/install/orb_slam3_ros2/share/orb_slam3_ros2/package.sh'
[2.690s] INFO:colcon.colcon_core.shell:Creating package script '/ORB_SLAM3/Examples/ros2_ws/install/orb_slam3_ros2/share/orb_slam3_ros2/package.bash'
[2.691s] INFO:colcon.colcon_core.shell:Creating package script '/ORB_SLAM3/Examples/ros2_ws/install/orb_slam3_ros2/share/orb_slam3_ros2/package.zsh'
[2.692s] Level 1:colcon.colcon_core.environment:create_file_with_runtime_dependencies(/ORB_SLAM3/Examples/ros2_ws/install/orb_slam3_ros2/share/colcon-core/packages/orb_slam3_ros2)
[2.703s] DEBUG:colcon.colcon_parallel_executor.executor.parallel:closing loop
[2.703s] DEBUG:colcon.colcon_parallel_executor.executor.parallel:loop closed
[2.703s] DEBUG:colcon.colcon_parallel_executor.executor.parallel:run_until_complete finished with '2'
[2.703s] DEBUG:colcon.colcon_core.event_reactor:joining thread
[2.729s] INFO:colcon.colcon_core.plugin_system:Skipping extension 'colcon_notification.desktop_notification.notify_send': Could not find 'notify-send'
[2.729s] INFO:colcon.colcon_core.plugin_system:Skipping extension 'colcon_notification.desktop_notification.terminal_notifier': Not used on non-Darwin systems
[2.730s] INFO:colcon.colcon_core.plugin_system:Skipping extension 'colcon_notification.desktop_notification.win32': Not used on non-Windows systems
[2.730s] INFO:colcon.colcon_notification.desktop_notification:Sending desktop notification using 'notify2'
[2.739s] DEBUG:colcon.colcon_notification.desktop_notification.notify2:Failed to initialize notify2: org.freedesktop.DBus.Error.ServiceUnknown: The name org.freedesktop.Notifications was not provided by any .service files
[2.740s] DEBUG:colcon.colcon_core.event_reactor:joined thread
[2.741s] INFO:colcon.colcon_core.shell:Creating prefix script '/ORB_SLAM3/Examples/ros2_ws/install/local_setup.ps1'
[2.745s] INFO:colcon.colcon_core.shell:Creating prefix util module '/ORB_SLAM3/Examples/ros2_ws/install/_local_setup_util_ps1.py'
[2.749s] INFO:colcon.colcon_core.shell:Creating prefix chain script '/ORB_SLAM3/Examples/ros2_ws/install/setup.ps1'
[2.751s] INFO:colcon.colcon_core.shell:Creating prefix script '/ORB_SLAM3/Examples/ros2_ws/install/local_setup.sh'
[2.751s] INFO:colcon.colcon_core.shell:Creating prefix util module '/ORB_SLAM3/Examples/ros2_ws/install/_local_setup_util_sh.py'
[2.752s] INFO:colcon.colcon_core.shell:Creating prefix chain script '/ORB_SLAM3/Examples/ros2_ws/install/setup.sh'
[2.754s] INFO:colcon.colcon_core.shell:Creating prefix script '/ORB_SLAM3/Examples/ros2_ws/install/local_setup.bash'
[2.755s] INFO:colcon.colcon_core.shell:Creating prefix chain script '/ORB_SLAM3/Examples/ros2_ws/install/setup.bash'
[2.756s] INFO:colcon.colcon_core.shell:Creating prefix script '/ORB_SLAM3/Examples/ros2_ws/install/local_setup.zsh'
[2.757s] INFO:colcon.colcon_core.shell:Creating prefix chain script '/ORB_SLAM3/Examples/ros2_ws/install/setup.zsh'
